<?xml version="1.0" encoding="UTF-8"?>
<testng-results skipped="0" failed="0" total="1" passed="1">
  <reporter-output>
  </reporter-output>
  <suite name="SherishAuth" duration-ms="8519" started-at="2015-04-20T17:38:11Z" finished-at="2015-04-20T17:38:19Z">
    <groups>
    </groups>
    <test name="smake TESt" duration-ms="8519" started-at="2015-04-20T17:38:11Z" finished-at="2015-04-20T17:38:19Z">
      <class name="com.sherish.tests.BasicTestCase">
        <test-method status="PASS" signature="tearDown()[pri:0, instance:com.sherish.tests.BasicTestCase@4045cf35]" name="tearDown" is-config="true" duration-ms="1155" started-at="2015-04-20T17:38:18Z" finished-at="2015-04-20T17:38:19Z">
        </test-method>
      </class>
      <class name="com.sherish.tests.LoginTest">
        <test-method status="PASS" signature="testUntitled()[pri:0, instance:com.sherish.tests.LoginTest@dc575ab]" name="testUntitled" duration-ms="7347" started-at="2015-04-20T17:38:11Z" finished-at="2015-04-20T17:38:18Z">
        </test-method>
      </class>
    </test>
  </suite>
</testng-results>
