<?xml version="1.0" encoding="UTF-8"?>
<testng-results skipped="0" failed="0" total="1" passed="1">
  <reporter-output>
  </reporter-output>
  <suite name="SherishAuth" duration-ms="8759" started-at="2015-04-20T17:13:55Z" finished-at="2015-04-20T17:14:03Z">
    <groups>
    </groups>
    <test name="smake TESt" duration-ms="8759" started-at="2015-04-20T17:13:55Z" finished-at="2015-04-20T17:14:03Z">
      <class name="com.sherish.tests.BasicTestCase">
        <test-method status="PASS" signature="tearDown()[pri:0, instance:com.sherish.tests.BasicTestCase@616c5f1a]" name="tearDown" is-config="true" duration-ms="1156" started-at="2015-04-20T17:14:02Z" finished-at="2015-04-20T17:14:03Z">
        </test-method>
      </class>
      <class name="com.sherish.tests.LoginTest">
        <test-method status="PASS" signature="testUntitled()[pri:0, instance:com.sherish.tests.LoginTest@424e3f28]" name="testUntitled" duration-ms="7585" started-at="2015-04-20T17:13:55Z" finished-at="2015-04-20T17:14:02Z">
        </test-method>
      </class>
    </test>
  </suite>
</testng-results>
